numprocs=72
determine_connections  11.8199999332
net_mitral_centric after import mgrs elapsedtime 12.19
75 mitrals created and connections to mitrals determined elapsedtime 0.87
Mitral 72182 and mTufted 0 cells connection infos. generated (it=4,err=0%) elapsedtime 5.64
rank_gconnections known elapsedtime 0.02
granule gids known on each rank elapsedtime 0
mk_gconnection_info (#granules = 46672) elapsedtime 0
mitrals registered elapsedtime 0.00999999
0 blanes created elapsedtime 0
blanes registered elapsedtime 0
46672 granules built elapsedtime 0.0700002
granules registered elapsedtime 0.00999999
0 middle tufted to blanes connections generated elapsedtime 0
	46672 granules are generated elapsedtime 0
0 blanes to granule connections generated elapsedtime 0.14
nmultiple =  144364
144364 ThreshDetect for reciprocalsynapses constructed elapsedtime 0.43
0 mt to bc elapsedtime 0
0 bc to gc elapsedtime 0
build_net_round_robin elapsedtime 0.00999999
round robin setuptime  19.1700000763
build_subnet_round_robin  7.20000004768
loadbal=0.999442 total_cx=4.25132e+06 npart=72 ncx=46988 max_part_cx=59079 max_cx=7928
load_bal time 0.25
309 mitrals created and connections to mitrals determined elapsedtime 1.31
46672 granules built elapsedtime 0.0700002
0 blanes created elapsedtime 0
mitrals registered elapsedtime 0.02
granules registered elapsedtime 0.00999999
blanes registered elapsedtime 0
0 middle tufted to blanes connections generated elapsedtime 0.33
	46672 granules are generated elapsedtime 0
0 blanes to granule connections generated elapsedtime 0.0999999
nmultiple =  144364
72182 ampanmda for reciprocalsynapses constructed elapsedtime 0
72182 fi for reciprocalsynapses constructed elapsedtime 0
144364 ThreshDetect for reciprocalsynapses constructed elapsedtime 0
0 mt to bc elapsedtime 0
0 bc to gc elapsedtime 0
multisplit_distrib time  1.80999994278
Gap junctions built elapsedtime 0
NetCon count =  144364
Total # compartments =  324177
total setup time  21.3899998665
mindelay = 1
t=0 wall interval 0.0500002
weights reset not active
init time = 0.0600002
activation of Onion at 50 (ms)	interval 0
t=200.016 wall interval 20.54
t=400.031 wall interval 20.46
activation of Onion at 550 (ms)	interval 500
t=600.047 wall interval 20.55
t=800.062 wall interval 21.76
t=1000.08 wall interval 23.08
runtime = 115.02
Load Balance = 0.967623

              comp          spk        split          gap 
 avg        101.04         0.72         6.34         3.32 
 max        104.42         0.97        14.69         6.39 
weight_files bulb3dtest.weight.dat.[0:72] write time 1.72 s
vm recorded  write time 0 elapsedtime 116.74
total elapsed time  138.129999876
